[debug] [2023-09-20T06:39:14.392Z] ----------------------------------------------------------------------
[debug] [2023-09-20T06:39:14.395Z] Command:       C:\Program Files (x86)\nodejs\node.exe C:\Users\facebook\AppData\Roaming\npm\node_modules\firebase-tools\lib\bin\firebase.js init
[debug] [2023-09-20T06:39:14.396Z] CLI Version:   12.5.3
[debug] [2023-09-20T06:39:14.396Z] Platform:      win32
[debug] [2023-09-20T06:39:14.397Z] Node Version:  v18.16.1
[debug] [2023-09-20T06:39:14.440Z] Time:          Wed Sep 20 2023 08:39:14 GMT+0200 (Eastern European Standard Time)
[debug] [2023-09-20T06:39:14.441Z] ----------------------------------------------------------------------
[debug] 
[debug] [2023-09-20T06:39:14.465Z] > command requires scopes: ["email","openid","https://www.googleapis.com/auth/cloudplatformprojects.readonly","https://www.googleapis.com/auth/firebase","https://www.googleapis.com/auth/cloud-platform"]
[debug] [2023-09-20T06:39:14.466Z] > authorizing via signed-in user (yosefeid058@gmail.com)
[info] 
     ######## #### ########  ######## ########     ###     ######  ########
     ##        ##  ##     ## ##       ##     ##  ##   ##  ##       ##
     ######    ##  ########  ######   ########  #########  ######  ######
     ##        ##  ##    ##  ##       ##     ## ##     ##       ## ##
     ##       #### ##     ## ######## ########  ##     ##  ######  ########

You're about to initialize a Firebase project in this directory:

  C:\Users\facebook\React\yousef-eid

[info] 
=== Project Setup
[info] 
[info] First, let's associate this project directory with a Firebase project.
[info] You can create multiple project aliases by running firebase use --add, 
[info] but for now we'll just set up a default project.
[info] 
[debug] [2023-09-20T06:39:54.683Z] > refreshing access token with scopes: []
[debug] [2023-09-20T06:39:54.686Z] >>> [apiv2][query] POST https://www.googleapis.com/oauth2/v3/token [none]
[debug] [2023-09-20T06:39:54.686Z] >>> [apiv2][body] POST https://www.googleapis.com/oauth2/v3/token [omitted]
[debug] [2023-09-20T06:39:55.236Z] <<< [apiv2][status] POST https://www.googleapis.com/oauth2/v3/token 200
[debug] [2023-09-20T06:39:55.237Z] <<< [apiv2][body] POST https://www.googleapis.com/oauth2/v3/token [omitted]
[debug] [2023-09-20T06:39:55.330Z] >>> [apiv2][query] GET https://firebase.googleapis.com/v1beta1/projects pageSize=100
[debug] [2023-09-20T06:39:56.109Z] <<< [apiv2][status] GET https://firebase.googleapis.com/v1beta1/projects 200
[debug] [2023-09-20T06:39:56.110Z] <<< [apiv2][body] GET https://firebase.googleapis.com/v1beta1/projects [omitted]
